UnityProject/androidBuild/unityLibrary/build/intermediates/manifest_merge_blame_file/debug/manifest-merger-blame-debug-report.txt
1<?xml version="1.0" encoding="utf-8"?>
2<!-- GENERATED BY UNITY. REMOVE THIS COMMENT TO PREVENT OVERWRITING WHEN EXPORTING AGAIN -->
3<manifest xmlns:android="http://schemas.android.com/apk/res/android"
4    xmlns:tools="http://schemas.android.com/tools"
5    package="com.unity3d.player"
6    android:versionCode="1"
7    android:versionName="1.0" >
8
9    <uses-sdk
10        android:minSdkVersion="21"
10-->src\main\AndroidManifest.xml
11        android:targetSdkVersion="28" />
11-->src\main\AndroidManifest.xml
12
13    <uses-feature android:glEsVersion="0x00020000" />
13-->src\main\AndroidManifest.xml:16:3-52
13-->src\main\AndroidManifest.xml:16:17-49
14
15    <uses-permission android:name="android.permission.CAMERA" />
15-->src\main\AndroidManifest.xml:17:3-63
15-->src\main\AndroidManifest.xml:17:20-60
16    <uses-permission android:name="android.permission.INTERNET" />
16-->src\main\AndroidManifest.xml:18:3-65
16-->src\main\AndroidManifest.xml:18:20-62
17    <uses-permission android:name="android.permission.CHANGE_WIFI_MULTICAST_STATE" />
17-->src\main\AndroidManifest.xml:19:3-84
17-->src\main\AndroidManifest.xml:19:20-81
18
19    <uses-feature
19-->src\main\AndroidManifest.xml:20:3-88
20        android:name="android.hardware.touchscreen"
20-->src\main\AndroidManifest.xml:20:17-60
21        android:required="false" />
21-->src\main\AndroidManifest.xml:20:61-85
22    <uses-feature
22-->src\main\AndroidManifest.xml:21:3-99
23        android:name="android.hardware.touchscreen.multitouch"
23-->src\main\AndroidManifest.xml:21:17-71
24        android:required="false" />
24-->src\main\AndroidManifest.xml:21:72-96
25    <uses-feature
25-->src\main\AndroidManifest.xml:22:3-108
26        android:name="android.hardware.touchscreen.multitouch.distinct"
26-->src\main\AndroidManifest.xml:22:17-80
27        android:required="false" />
27-->src\main\AndroidManifest.xml:22:81-105
28
29    <application android:isGame="true" >
29-->src\main\AndroidManifest.xml:4:3-15:17
29-->src\main\AndroidManifest.xml:4:16-37
30        <activity
30-->src\main\AndroidManifest.xml:5:5-8:16
31            android:name="com.unity3d.player.UnityPlayerActivity"
31-->src\main\AndroidManifest.xml:5:15-68
32            android:configChanges="mcc|mnc|locale|touchscreen|keyboard|keyboardHidden|navigation|orientation|screenLayout|uiMode|screenSize|smallestScreenSize|fontScale|layoutDirection|density"
32-->src\main\AndroidManifest.xml:5:180-361
33            android:hardwareAccelerated="false"
33-->src\main\AndroidManifest.xml:5:362-397
34            android:launchMode="singleTask"
34-->src\main\AndroidManifest.xml:5:148-179
35            android:screenOrientation="portrait"
35-->src\main\AndroidManifest.xml:5:111-147
36            android:theme="@style/UnityThemeSelector" >
36-->src\main\AndroidManifest.xml:5:69-110
37            <meta-data
37-->src\main\AndroidManifest.xml:6:7-82
38                android:name="unityplayer.UnityActivity"
38-->src\main\AndroidManifest.xml:6:18-58
39                android:value="true" />
39-->src\main\AndroidManifest.xml:6:59-79
40            <meta-data
40-->src\main\AndroidManifest.xml:7:7-78
41                android:name="android.notch_support"
41-->src\main\AndroidManifest.xml:7:18-54
42                android:value="true" />
42-->src\main\AndroidManifest.xml:7:55-75
43        </activity>
44
45        <meta-data
45-->src\main\AndroidManifest.xml:9:5-73
46            android:name="unity.tango-enable"
46-->src\main\AndroidManifest.xml:9:16-49
47            android:value="True" />
47-->src\main\AndroidManifest.xml:9:50-70
48        <meta-data
48-->src\main\AndroidManifest.xml:10:5-88
49            android:name="unityplayer.SkipPermissionsDialog"
49-->src\main\AndroidManifest.xml:10:16-64
50            android:value="true" />
50-->src\main\AndroidManifest.xml:10:65-85
51        <meta-data
51-->src\main\AndroidManifest.xml:11:5-69
52            android:name="unity.splash-mode"
52-->src\main\AndroidManifest.xml:11:16-48
53            android:value="0" />
53-->src\main\AndroidManifest.xml:11:49-66
54        <meta-data
54-->src\main\AndroidManifest.xml:12:5-74
55            android:name="unity.splash-enable"
55-->src\main\AndroidManifest.xml:12:16-50
56            android:value="True" />
56-->src\main\AndroidManifest.xml:12:51-71
57        <meta-data
57-->src\main\AndroidManifest.xml:13:5-81
58            android:name="notch.config"
58-->src\main\AndroidManifest.xml:13:16-43
59            android:value="portrait|landscape" />
59-->src\main\AndroidManifest.xml:13:44-78
60        <meta-data
60-->src\main\AndroidManifest.xml:14:5-101
61            android:name="unity.build-id"
61-->src\main\AndroidManifest.xml:14:16-45
62            android:value="edac2486-00f6-4ac8-8e4b-5cd080311e87" />
62-->src\main\AndroidManifest.xml:14:46-98
63    </application>
64
65</manifest>